<?xml version="1.0" encoding="UTF-8"?>
<!-- Generated by org.testng.reporters.JUnitReportReporter -->
<testsuite skipped="0" hostname="MSI-PC" name="com.inetBanking.testCases.TC_001_LoginTest" tests="2" failures="0" timestamp="22 Feb 2019 23:34:46 GMT" time="5.510" errors="0">
  <testcase name="test_001_Login" time="3.896" classname="com.inetBanking.testCases.TC_001_LoginTest"/>
  <testcase name="test_002_SecondLogin" time="1.614" classname="com.inetBanking.testCases.TC_001_LoginTest"/>
</testsuite> <!-- com.inetBanking.testCases.TC_001_LoginTest -->
