<?xml version="1.0" encoding="UTF-8"?>
<!-- Generated by org.testng.reporters.JUnitReportReporter -->
<testsuite skipped="0" hostname="MSI-PC" name="com.inetBanking.testCases.TC_001_LoginTest" tests="2" failures="0" timestamp="23 Feb 2019 00:13:19 GMT" time="10.210" errors="0">
  <testcase name="test_001_Login" time="5.907" classname="com.inetBanking.testCases.TC_001_LoginTest"/>
  <testcase name="test_002_SecondLogin" time="4.303" classname="com.inetBanking.testCases.TC_001_LoginTest"/>
</testsuite> <!-- com.inetBanking.testCases.TC_001_LoginTest -->
