<?xml version="1.0" encoding="UTF-8"?>
<!-- Generated by org.testng.reporters.JUnitReportReporter -->
<testsuite skipped="0" hostname="MSI-PC" name="com.inetBanking.testCases.TC_003_AddCustomerTest" tests="1" failures="0" timestamp="25 Feb 2019 19:59:50 GMT" time="2.948" errors="0">
  <testcase name="addCustomerTest" time="2.948" classname="com.inetBanking.testCases.TC_003_AddCustomerTest"/>
</testsuite> <!-- com.inetBanking.testCases.TC_003_AddCustomerTest -->
