<?xml version="1.0" encoding="UTF-8"?>
<!-- Generated by org.testng.reporters.JUnitReportReporter -->
<testsuite skipped="0" hostname="MSI-PC" name="com.inetBanking.testCases.TC_004_AddCustomerDDT" tests="1" failures="0" timestamp="25 Feb 2019 19:59:50 GMT" time="9.176" errors="0">
  <testcase name="addCustomerDDT" time="9.176" classname="com.inetBanking.testCases.TC_004_AddCustomerDDT"/>
</testsuite> <!-- com.inetBanking.testCases.TC_004_AddCustomerDDT -->
