<?xml version="1.0" encoding="UTF-8"?>
<!-- Generated by org.testng.reporters.JUnitReportReporter -->
<testsuite skipped="0" hostname="MSI-PC" name="com.inetBanking.testCases.TC_003_AddCustomerTest" tests="1" failures="0" timestamp="23 Feb 2019 23:54:12 GMT" time="2.622" errors="0">
  <testcase name="addCustomerTest" time="2.622" classname="com.inetBanking.testCases.TC_003_AddCustomerTest"/>
</testsuite> <!-- com.inetBanking.testCases.TC_003_AddCustomerTest -->
