<?xml version="1.0" encoding="UTF-8"?>
<!-- Generated by org.testng.reporters.JUnitReportReporter -->
<testsuite skipped="0" hostname="MSI-PC" name="com.inetBanking.testCases.TC_003_AddCustomerTest" tests="1" failures="0" timestamp="21 Feb 2019 14:35:01 GMT" time="2.775" errors="0">
  <testcase name="addCustomerTest" time="2.775" classname="com.inetBanking.testCases.TC_003_AddCustomerTest"/>
</testsuite> <!-- com.inetBanking.testCases.TC_003_AddCustomerTest -->
