<?xml version="1.0" encoding="UTF-8"?>
<!-- Generated by org.testng.reporters.JUnitReportReporter -->
<testsuite skipped="0" hostname="MSI-PC" name="com.inetBanking.testCases.TC_004_AddCustomerDDT" tests="1" failures="0" timestamp="23 Feb 2019 23:54:12 GMT" time="6.851" errors="0">
  <testcase name="addCustomerTest" time="6.851" classname="com.inetBanking.testCases.TC_004_AddCustomerDDT"/>
</testsuite> <!-- com.inetBanking.testCases.TC_004_AddCustomerDDT -->
