<?xml version="1.0" encoding="UTF-8"?>
<!-- Generated by org.testng.reporters.JUnitReportReporter -->
<testsuite skipped="0" hostname="MSI-PC" name="com.inetBanking.testCases.TC_001_LoginTest" tests="2" failures="0" timestamp="21 Feb 2019 14:35:01 GMT" time="2.455" errors="0">
  <testcase name="_002_secondLoginTest" time="1.146" classname="com.inetBanking.testCases.TC_001_LoginTest"/>
  <testcase name="_001_loginTest" time="1.309" classname="com.inetBanking.testCases.TC_001_LoginTest"/>
</testsuite> <!-- com.inetBanking.testCases.TC_001_LoginTest -->
