<?xml version="1.0" encoding="UTF-8"?>
<!-- Generated by org.testng.reporters.JUnitReportReporter -->
<testsuite skipped="0" hostname="MSI-PC" name="com.inetBanking.testCases.TC_003_AddCustomerTest" tests="1" failures="0" timestamp="22 Feb 2019 23:36:16 GMT" time="5.941" errors="0">
  <testcase name="addCustomerTest" time="5.941" classname="com.inetBanking.testCases.TC_003_AddCustomerTest"/>
</testsuite> <!-- com.inetBanking.testCases.TC_003_AddCustomerTest -->
